<?xml version="1.0" encoding="UTF-8"?>
<!-- Generated by org.testng.reporters.JUnitReportReporter -->
<testsuite hostname="BIA2B1SUUT" name="exampleTechGig.NewTest" tests="1" failures="0" timestamp="21 May 2018 06:17:23 GMT" time="38.721" errors="0">
  <testcase name="testEasy" time="38.721" classname="exampleTechGig.NewTest"/>
</testsuite> <!-- exampleTechGig.NewTest -->
